2025/06/05 18:55:00 İstek gönderiliyor: http://localhost:8080/test
2025/06/05 18:55:00 Test endpoint çağrıldı
2025/06/05 18:55:00 İstek gönderildi: 11
2025/06/06 10:57:00 İstek gönderiliyor: http://localhost:8080/test
2025/06/06 10:57:00 Test endpoint çağrıldı
2025/06/06 10:57:00 İstek gönderildi: 12
2025/06/06 10:57:00 İstek gönderiliyor: http://localhost:8080/test
2025/06/06 10:57:00 Test endpoint çağrıldı
2025/06/06 10:57:00 İstek gönderildi: 13
2025/06/06 10:57:00 İstek gönderiliyor: http://localhost:8080/test
2025/06/06 10:57:00 Test endpoint çağrıldı
2025/06/06 10:57:00 İstek gönderildi: 14
2025/06/06 10:58:00 İstek gönderiliyor: http://localhost:8080/test
2025/06/06 10:58:00 Test endpoint çağrıldı
2025/06/06 10:58:00 İstek gönderildi: 15
2025/06/14 21:30:45 Veritabanına bağlanılamadı:dial tcp [::1]:3306: connect: connection refused
2025/06/14 21:33:00 Veritabanına bağlanılamadı:Error 1045 (28000): Access denied for user 'root'@'192.168.65.1' (using password: NO)
2025/06/14 21:36:26 Veritabanına bağlanılamadı:Error 1049 (42000): Unknown database 'quego'
2025/06/14 21:38:00 İstek gönderiliyor: http://localhost:8080/test
2025/06/14 21:38:00 Test endpoint çağrıldı
2025/06/14 21:38:00 İstek gönderildi: 1
2025/06/16 22:24:52 Test endpoint çağrıldı
2025/06/16 22:26:14 Test endpoint çağrıldı
2025/06/16 23:15:46 Test endpoint çağrıldı
2025/06/16 23:38:58 Test endpoint çağrıldı
2025/06/16 23:39:00 Test endpoint çağrıldı
2025/06/16 23:39:01 Test endpoint çağrıldı
2025/06/16 23:39:06 Test endpoint çağrıldı
2025/07/05 15:36:00 İstek gönderiliyor: http://localhost:8080/test
2025/07/05 15:36:00 Test endpoint çağrıldı
2025/07/05 15:36:00 İstek gönderildi: 2
